unloading cuda version 11.8.0
loading cuda version 11.8.0
unloading libmd version 1.0.3
unloading libbsd version 0.11.3
unloading expat version 2.4.1
unloading gdbm version 1.19
unloading bzip2 version 1.0.8
unloading tar version 1.34
unloading gettext version 0.21
unloading libffi version 3.3
unloading openssl version 1.1.1l
unloading ncurses version 6.2
unloading readline version 8.1
unloading sqlite version 3.36.0
unloading util-linux-uuid version 2.36.2
unloading python version 3.11.0
loading bzip2 version 1.0.8
loading libmd version 1.0.3
loading libbsd version 0.11.3
loading expat version 2.4.1
loading ncurses version 6.2
loading readline version 8.1
loading gdbm version 1.19
loading tar version 1.34
loading gettext version 0.21
loading libffi version 3.3
loading openssl version 1.1.1l
loading sqlite version 3.36.0
loading util-linux-uuid version 2.36.2
loading python version 3.11.0
Defaulting to user installation because normal site-packages is not writeable
Requirement already satisfied: torch==2.1.2 in /home/ctpham_umass_edu/.local/lib/python3.11/site-packages (2.1.2)
Requirement already satisfied: filelock in /home/ctpham_umass_edu/.local/lib/python3.11/site-packages (from torch==2.1.2) (3.14.0)
Requirement already satisfied: typing-extensions in /home/ctpham_umass_edu/.local/lib/python3.11/site-packages (from torch==2.1.2) (4.12.0)
Requirement already satisfied: sympy in /home/ctpham_umass_edu/.local/lib/python3.11/site-packages (from torch==2.1.2) (1.12)
Requirement already satisfied: networkx in /home/ctpham_umass_edu/.local/lib/python3.11/site-packages (from torch==2.1.2) (3.3)
Requirement already satisfied: jinja2 in /home/ctpham_umass_edu/.local/lib/python3.11/site-packages (from torch==2.1.2) (3.1.4)
Requirement already satisfied: fsspec in /home/ctpham_umass_edu/.local/lib/python3.11/site-packages (from torch==2.1.2) (2024.3.1)
Requirement already satisfied: nvidia-cuda-nvrtc-cu12==12.1.105 in /home/ctpham_umass_edu/.local/lib/python3.11/site-packages (from torch==2.1.2) (12.1.105)
Requirement already satisfied: nvidia-cuda-runtime-cu12==12.1.105 in /home/ctpham_umass_edu/.local/lib/python3.11/site-packages (from torch==2.1.2) (12.1.105)
Requirement already satisfied: nvidia-cuda-cupti-cu12==12.1.105 in /home/ctpham_umass_edu/.local/lib/python3.11/site-packages (from torch==2.1.2) (12.1.105)
Requirement already satisfied: nvidia-cudnn-cu12==8.9.2.26 in /home/ctpham_umass_edu/.local/lib/python3.11/site-packages (from torch==2.1.2) (8.9.2.26)
Requirement already satisfied: nvidia-cublas-cu12==12.1.3.1 in /home/ctpham_umass_edu/.local/lib/python3.11/site-packages (from torch==2.1.2) (12.1.3.1)
Requirement already satisfied: nvidia-cufft-cu12==11.0.2.54 in /home/ctpham_umass_edu/.local/lib/python3.11/site-packages (from torch==2.1.2) (11.0.2.54)
Requirement already satisfied: nvidia-curand-cu12==10.3.2.106 in /home/ctpham_umass_edu/.local/lib/python3.11/site-packages (from torch==2.1.2) (10.3.2.106)
Requirement already satisfied: nvidia-cusolver-cu12==11.4.5.107 in /home/ctpham_umass_edu/.local/lib/python3.11/site-packages (from torch==2.1.2) (11.4.5.107)
Requirement already satisfied: nvidia-cusparse-cu12==12.1.0.106 in /home/ctpham_umass_edu/.local/lib/python3.11/site-packages (from torch==2.1.2) (12.1.0.106)
Requirement already satisfied: nvidia-nccl-cu12==2.18.1 in /home/ctpham_umass_edu/.local/lib/python3.11/site-packages (from torch==2.1.2) (2.18.1)
Requirement already satisfied: nvidia-nvtx-cu12==12.1.105 in /home/ctpham_umass_edu/.local/lib/python3.11/site-packages (from torch==2.1.2) (12.1.105)
Requirement already satisfied: triton==2.1.0 in /home/ctpham_umass_edu/.local/lib/python3.11/site-packages (from torch==2.1.2) (2.1.0)
Requirement already satisfied: nvidia-nvjitlink-cu12 in /home/ctpham_umass_edu/.local/lib/python3.11/site-packages (from nvidia-cusolver-cu12==11.4.5.107->torch==2.1.2) (12.5.40)
Requirement already satisfied: MarkupSafe>=2.0 in /home/ctpham_umass_edu/.local/lib/python3.11/site-packages (from jinja2->torch==2.1.2) (2.1.5)
Requirement already satisfied: mpmath>=0.19 in /home/ctpham_umass_edu/.local/lib/python3.11/site-packages (from sympy->torch==2.1.2) (1.3.0)
Defaulting to user installation because normal site-packages is not writeable
Processing /work/pi_miyyer_umass_edu/ctpham/alignment-handbook
  Installing build dependencies: started
  Installing build dependencies: finished with status 'done'
  Getting requirements to build wheel: started
  Getting requirements to build wheel: finished with status 'done'
  Installing backend dependencies: started
  Installing backend dependencies: finished with status 'done'
  Preparing metadata (pyproject.toml): started
  Preparing metadata (pyproject.toml): finished with status 'done'
Requirement already satisfied: accelerate>=0.29.2 in /home/ctpham_umass_edu/.local/lib/python3.11/site-packages (from alignment-handbook==0.4.0.dev0) (0.30.1)
Requirement already satisfied: bitsandbytes>=0.43.0 in /home/ctpham_umass_edu/.local/lib/python3.11/site-packages (from alignment-handbook==0.4.0.dev0) (0.43.1)
Requirement already satisfied: einops>=0.6.1 in /home/ctpham_umass_edu/.local/lib/python3.11/site-packages (from alignment-handbook==0.4.0.dev0) (0.8.0)
Requirement already satisfied: evaluate==0.4.0 in /home/ctpham_umass_edu/.local/lib/python3.11/site-packages (from alignment-handbook==0.4.0.dev0) (0.4.0)
Requirement already satisfied: datasets>=2.18.0 in /home/ctpham_umass_edu/.local/lib/python3.11/site-packages (from alignment-handbook==0.4.0.dev0) (2.19.1)
Requirement already satisfied: deepspeed==0.12.2 in /home/ctpham_umass_edu/.local/lib/python3.11/site-packages (from alignment-handbook==0.4.0.dev0) (0.12.2)
Requirement already satisfied: hf-transfer>=0.1.4 in /home/ctpham_umass_edu/.local/lib/python3.11/site-packages (from alignment-handbook==0.4.0.dev0) (0.1.6)
Requirement already satisfied: huggingface-hub<1.0,>=0.19.2 in /home/ctpham_umass_edu/.local/lib/python3.11/site-packages (from alignment-handbook==0.4.0.dev0) (0.23.2)
Requirement already satisfied: jinja2>=3.0.0 in /home/ctpham_umass_edu/.local/lib/python3.11/site-packages (from alignment-handbook==0.4.0.dev0) (3.1.4)
Requirement already satisfied: ninja>=1.11.1 in /home/ctpham_umass_edu/.local/lib/python3.11/site-packages (from alignment-handbook==0.4.0.dev0) (1.11.1.1)
Requirement already satisfied: numpy>=1.24.2 in /home/ctpham_umass_edu/.local/lib/python3.11/site-packages (from alignment-handbook==0.4.0.dev0) (1.26.4)
Requirement already satisfied: packaging>=23.0 in /home/ctpham_umass_edu/.local/lib/python3.11/site-packages (from alignment-handbook==0.4.0.dev0) (24.0)
Requirement already satisfied: peft>=0.9.0 in /home/ctpham_umass_edu/.local/lib/python3.11/site-packages (from alignment-handbook==0.4.0.dev0) (0.11.1)
Requirement already satisfied: protobuf<=3.20.2 in /home/ctpham_umass_edu/.local/lib/python3.11/site-packages (from alignment-handbook==0.4.0.dev0) (3.20.2)
Requirement already satisfied: safetensors>=0.3.3 in /home/ctpham_umass_edu/.local/lib/python3.11/site-packages (from alignment-handbook==0.4.0.dev0) (0.4.3)
Requirement already satisfied: sentencepiece>=0.1.99 in /home/ctpham_umass_edu/.local/lib/python3.11/site-packages (from alignment-handbook==0.4.0.dev0) (0.2.0)
Requirement already satisfied: scipy in /home/ctpham_umass_edu/.local/lib/python3.11/site-packages (from alignment-handbook==0.4.0.dev0) (1.13.1)
Requirement already satisfied: tensorboard in /home/ctpham_umass_edu/.local/lib/python3.11/site-packages (from alignment-handbook==0.4.0.dev0) (2.16.2)
Requirement already satisfied: tqdm>=4.64.1 in /home/ctpham_umass_edu/.local/lib/python3.11/site-packages (from alignment-handbook==0.4.0.dev0) (4.66.4)
Requirement already satisfied: transformers>=4.39.3 in /home/ctpham_umass_edu/.local/lib/python3.11/site-packages (from alignment-handbook==0.4.0.dev0) (4.41.1)
Requirement already satisfied: trl>=0.8.2 in /home/ctpham_umass_edu/.local/lib/python3.11/site-packages (from alignment-handbook==0.4.0.dev0) (0.8.6)
Requirement already satisfied: hjson in /home/ctpham_umass_edu/.local/lib/python3.11/site-packages (from deepspeed==0.12.2->alignment-handbook==0.4.0.dev0) (3.1.0)
Requirement already satisfied: psutil in /home/ctpham_umass_edu/.local/lib/python3.11/site-packages (from deepspeed==0.12.2->alignment-handbook==0.4.0.dev0) (5.9.8)
Requirement already satisfied: py-cpuinfo in /home/ctpham_umass_edu/.local/lib/python3.11/site-packages (from deepspeed==0.12.2->alignment-handbook==0.4.0.dev0) (9.0.0)
Requirement already satisfied: pydantic in /home/ctpham_umass_edu/.local/lib/python3.11/site-packages (from deepspeed==0.12.2->alignment-handbook==0.4.0.dev0) (2.7.1)
Requirement already satisfied: pynvml in /home/ctpham_umass_edu/.local/lib/python3.11/site-packages (from deepspeed==0.12.2->alignment-handbook==0.4.0.dev0) (11.5.0)
Requirement already satisfied: torch in /home/ctpham_umass_edu/.local/lib/python3.11/site-packages (from deepspeed==0.12.2->alignment-handbook==0.4.0.dev0) (2.1.2)
Requirement already satisfied: dill in /home/ctpham_umass_edu/.local/lib/python3.11/site-packages (from evaluate==0.4.0->alignment-handbook==0.4.0.dev0) (0.3.8)
Requirement already satisfied: pandas in /home/ctpham_umass_edu/.local/lib/python3.11/site-packages (from evaluate==0.4.0->alignment-handbook==0.4.0.dev0) (2.2.2)
Requirement already satisfied: requests>=2.19.0 in /home/ctpham_umass_edu/.local/lib/python3.11/site-packages (from evaluate==0.4.0->alignment-handbook==0.4.0.dev0) (2.32.2)
Requirement already satisfied: xxhash in /home/ctpham_umass_edu/.local/lib/python3.11/site-packages (from evaluate==0.4.0->alignment-handbook==0.4.0.dev0) (3.4.1)
Requirement already satisfied: multiprocess in /home/ctpham_umass_edu/.local/lib/python3.11/site-packages (from evaluate==0.4.0->alignment-handbook==0.4.0.dev0) (0.70.16)
Requirement already satisfied: fsspec>=2021.05.0 in /home/ctpham_umass_edu/.local/lib/python3.11/site-packages (from fsspec[http]>=2021.05.0->evaluate==0.4.0->alignment-handbook==0.4.0.dev0) (2024.3.1)
Requirement already satisfied: responses<0.19 in /home/ctpham_umass_edu/.local/lib/python3.11/site-packages (from evaluate==0.4.0->alignment-handbook==0.4.0.dev0) (0.18.0)
Requirement already satisfied: pyyaml in /home/ctpham_umass_edu/.local/lib/python3.11/site-packages (from accelerate>=0.29.2->alignment-handbook==0.4.0.dev0) (6.0.1)
Requirement already satisfied: filelock in /home/ctpham_umass_edu/.local/lib/python3.11/site-packages (from datasets>=2.18.0->alignment-handbook==0.4.0.dev0) (3.14.0)
Requirement already satisfied: pyarrow>=12.0.0 in /home/ctpham_umass_edu/.local/lib/python3.11/site-packages (from datasets>=2.18.0->alignment-handbook==0.4.0.dev0) (16.1.0)
Requirement already satisfied: pyarrow-hotfix in /home/ctpham_umass_edu/.local/lib/python3.11/site-packages (from datasets>=2.18.0->alignment-handbook==0.4.0.dev0) (0.6)
Requirement already satisfied: aiohttp in /home/ctpham_umass_edu/.local/lib/python3.11/site-packages (from datasets>=2.18.0->alignment-handbook==0.4.0.dev0) (3.9.5)
Requirement already satisfied: typing-extensions>=3.7.4.3 in /home/ctpham_umass_edu/.local/lib/python3.11/site-packages (from huggingface-hub<1.0,>=0.19.2->alignment-handbook==0.4.0.dev0) (4.12.0)
Requirement already satisfied: MarkupSafe>=2.0 in /home/ctpham_umass_edu/.local/lib/python3.11/site-packages (from jinja2>=3.0.0->alignment-handbook==0.4.0.dev0) (2.1.5)
Requirement already satisfied: regex!=2019.12.17 in /home/ctpham_umass_edu/.local/lib/python3.11/site-packages (from transformers>=4.39.3->alignment-handbook==0.4.0.dev0) (2024.5.15)
Requirement already satisfied: tokenizers<0.20,>=0.19 in /home/ctpham_umass_edu/.local/lib/python3.11/site-packages (from transformers>=4.39.3->alignment-handbook==0.4.0.dev0) (0.19.1)
Requirement already satisfied: tyro>=0.5.11 in /home/ctpham_umass_edu/.local/lib/python3.11/site-packages (from trl>=0.8.2->alignment-handbook==0.4.0.dev0) (0.8.4)
Requirement already satisfied: absl-py>=0.4 in /home/ctpham_umass_edu/.local/lib/python3.11/site-packages (from tensorboard->alignment-handbook==0.4.0.dev0) (2.1.0)
Requirement already satisfied: grpcio>=1.48.2 in /home/ctpham_umass_edu/.local/lib/python3.11/site-packages (from tensorboard->alignment-handbook==0.4.0.dev0) (1.64.0)
Requirement already satisfied: markdown>=2.6.8 in /home/ctpham_umass_edu/.local/lib/python3.11/site-packages (from tensorboard->alignment-handbook==0.4.0.dev0) (3.6)
Requirement already satisfied: setuptools>=41.0.0 in /home/ctpham_umass_edu/.local/lib/python3.11/site-packages (from tensorboard->alignment-handbook==0.4.0.dev0) (65.5.0)
Requirement already satisfied: six>1.9 in /home/ctpham_umass_edu/.local/lib/python3.11/site-packages (from tensorboard->alignment-handbook==0.4.0.dev0) (1.16.0)
Requirement already satisfied: tensorboard-data-server<0.8.0,>=0.7.0 in /home/ctpham_umass_edu/.local/lib/python3.11/site-packages (from tensorboard->alignment-handbook==0.4.0.dev0) (0.7.2)
Requirement already satisfied: werkzeug>=1.0.1 in /home/ctpham_umass_edu/.local/lib/python3.11/site-packages (from tensorboard->alignment-handbook==0.4.0.dev0) (3.0.3)
Requirement already satisfied: aiosignal>=1.1.2 in /home/ctpham_umass_edu/.local/lib/python3.11/site-packages (from aiohttp->datasets>=2.18.0->alignment-handbook==0.4.0.dev0) (1.3.1)
Requirement already satisfied: attrs>=17.3.0 in /home/ctpham_umass_edu/.local/lib/python3.11/site-packages (from aiohttp->datasets>=2.18.0->alignment-handbook==0.4.0.dev0) (23.2.0)
Requirement already satisfied: frozenlist>=1.1.1 in /home/ctpham_umass_edu/.local/lib/python3.11/site-packages (from aiohttp->datasets>=2.18.0->alignment-handbook==0.4.0.dev0) (1.4.1)
Requirement already satisfied: multidict<7.0,>=4.5 in /home/ctpham_umass_edu/.local/lib/python3.11/site-packages (from aiohttp->datasets>=2.18.0->alignment-handbook==0.4.0.dev0) (6.0.5)
Requirement already satisfied: yarl<2.0,>=1.0 in /home/ctpham_umass_edu/.local/lib/python3.11/site-packages (from aiohttp->datasets>=2.18.0->alignment-handbook==0.4.0.dev0) (1.9.4)
Requirement already satisfied: charset-normalizer<4,>=2 in /home/ctpham_umass_edu/.local/lib/python3.11/site-packages (from requests>=2.19.0->evaluate==0.4.0->alignment-handbook==0.4.0.dev0) (3.3.2)
Requirement already satisfied: idna<4,>=2.5 in /home/ctpham_umass_edu/.local/lib/python3.11/site-packages (from requests>=2.19.0->evaluate==0.4.0->alignment-handbook==0.4.0.dev0) (3.7)
Requirement already satisfied: urllib3<3,>=1.21.1 in /home/ctpham_umass_edu/.local/lib/python3.11/site-packages (from requests>=2.19.0->evaluate==0.4.0->alignment-handbook==0.4.0.dev0) (2.2.1)
Requirement already satisfied: certifi>=2017.4.17 in /home/ctpham_umass_edu/.local/lib/python3.11/site-packages (from requests>=2.19.0->evaluate==0.4.0->alignment-handbook==0.4.0.dev0) (2024.2.2)
Requirement already satisfied: sympy in /home/ctpham_umass_edu/.local/lib/python3.11/site-packages (from torch->deepspeed==0.12.2->alignment-handbook==0.4.0.dev0) (1.12)
Requirement already satisfied: networkx in /home/ctpham_umass_edu/.local/lib/python3.11/site-packages (from torch->deepspeed==0.12.2->alignment-handbook==0.4.0.dev0) (3.3)
Requirement already satisfied: nvidia-cuda-nvrtc-cu12==12.1.105 in /home/ctpham_umass_edu/.local/lib/python3.11/site-packages (from torch->deepspeed==0.12.2->alignment-handbook==0.4.0.dev0) (12.1.105)
Requirement already satisfied: nvidia-cuda-runtime-cu12==12.1.105 in /home/ctpham_umass_edu/.local/lib/python3.11/site-packages (from torch->deepspeed==0.12.2->alignment-handbook==0.4.0.dev0) (12.1.105)
Requirement already satisfied: nvidia-cuda-cupti-cu12==12.1.105 in /home/ctpham_umass_edu/.local/lib/python3.11/site-packages (from torch->deepspeed==0.12.2->alignment-handbook==0.4.0.dev0) (12.1.105)
Requirement already satisfied: nvidia-cudnn-cu12==8.9.2.26 in /home/ctpham_umass_edu/.local/lib/python3.11/site-packages (from torch->deepspeed==0.12.2->alignment-handbook==0.4.0.dev0) (8.9.2.26)
Requirement already satisfied: nvidia-cublas-cu12==12.1.3.1 in /home/ctpham_umass_edu/.local/lib/python3.11/site-packages (from torch->deepspeed==0.12.2->alignment-handbook==0.4.0.dev0) (12.1.3.1)
Requirement already satisfied: nvidia-cufft-cu12==11.0.2.54 in /home/ctpham_umass_edu/.local/lib/python3.11/site-packages (from torch->deepspeed==0.12.2->alignment-handbook==0.4.0.dev0) (11.0.2.54)
Requirement already satisfied: nvidia-curand-cu12==10.3.2.106 in /home/ctpham_umass_edu/.local/lib/python3.11/site-packages (from torch->deepspeed==0.12.2->alignment-handbook==0.4.0.dev0) (10.3.2.106)
Requirement already satisfied: nvidia-cusolver-cu12==11.4.5.107 in /home/ctpham_umass_edu/.local/lib/python3.11/site-packages (from torch->deepspeed==0.12.2->alignment-handbook==0.4.0.dev0) (11.4.5.107)
Requirement already satisfied: nvidia-cusparse-cu12==12.1.0.106 in /home/ctpham_umass_edu/.local/lib/python3.11/site-packages (from torch->deepspeed==0.12.2->alignment-handbook==0.4.0.dev0) (12.1.0.106)
Requirement already satisfied: nvidia-nccl-cu12==2.18.1 in /home/ctpham_umass_edu/.local/lib/python3.11/site-packages (from torch->deepspeed==0.12.2->alignment-handbook==0.4.0.dev0) (2.18.1)
Requirement already satisfied: nvidia-nvtx-cu12==12.1.105 in /home/ctpham_umass_edu/.local/lib/python3.11/site-packages (from torch->deepspeed==0.12.2->alignment-handbook==0.4.0.dev0) (12.1.105)
Requirement already satisfied: triton==2.1.0 in /home/ctpham_umass_edu/.local/lib/python3.11/site-packages (from torch->deepspeed==0.12.2->alignment-handbook==0.4.0.dev0) (2.1.0)
Requirement already satisfied: nvidia-nvjitlink-cu12 in /home/ctpham_umass_edu/.local/lib/python3.11/site-packages (from nvidia-cusolver-cu12==11.4.5.107->torch->deepspeed==0.12.2->alignment-handbook==0.4.0.dev0) (12.5.40)
Requirement already satisfied: docstring-parser>=0.14.1 in /home/ctpham_umass_edu/.local/lib/python3.11/site-packages (from tyro>=0.5.11->trl>=0.8.2->alignment-handbook==0.4.0.dev0) (0.16)
Requirement already satisfied: rich>=11.1.0 in /home/ctpham_umass_edu/.local/lib/python3.11/site-packages (from tyro>=0.5.11->trl>=0.8.2->alignment-handbook==0.4.0.dev0) (13.7.1)
Requirement already satisfied: shtab>=1.5.6 in /home/ctpham_umass_edu/.local/lib/python3.11/site-packages (from tyro>=0.5.11->trl>=0.8.2->alignment-handbook==0.4.0.dev0) (1.7.1)
Requirement already satisfied: python-dateutil>=2.8.2 in /home/ctpham_umass_edu/.local/lib/python3.11/site-packages (from pandas->evaluate==0.4.0->alignment-handbook==0.4.0.dev0) (2.9.0.post0)
Requirement already satisfied: pytz>=2020.1 in /home/ctpham_umass_edu/.local/lib/python3.11/site-packages (from pandas->evaluate==0.4.0->alignment-handbook==0.4.0.dev0) (2024.1)
Requirement already satisfied: tzdata>=2022.7 in /home/ctpham_umass_edu/.local/lib/python3.11/site-packages (from pandas->evaluate==0.4.0->alignment-handbook==0.4.0.dev0) (2024.1)
Requirement already satisfied: annotated-types>=0.4.0 in /home/ctpham_umass_edu/.local/lib/python3.11/site-packages (from pydantic->deepspeed==0.12.2->alignment-handbook==0.4.0.dev0) (0.7.0)
Requirement already satisfied: pydantic-core==2.18.2 in /home/ctpham_umass_edu/.local/lib/python3.11/site-packages (from pydantic->deepspeed==0.12.2->alignment-handbook==0.4.0.dev0) (2.18.2)
slurmstepd-gaoseismolab-cpu005: error: *** JOB 23003934 ON gaoseismolab-cpu005 CANCELLED AT 2024-05-28T13:59:47 ***
