loading cuda version 11.8.0
unloading libmd version 1.0.3
unloading libbsd version 0.11.3
unloading expat version 2.4.1
unloading gdbm version 1.19
unloading bzip2 version 1.0.8
unloading tar version 1.34
unloading gettext version 0.21
unloading libffi version 3.3
unloading openssl version 1.1.1l
unloading ncurses version 6.2
unloading readline version 8.1
unloading sqlite version 3.36.0
unloading util-linux-uuid version 2.36.2
unloading python version 3.11.0
loading bzip2 version 1.0.8
loading libmd version 1.0.3
loading libbsd version 0.11.3
loading expat version 2.4.1
loading ncurses version 6.2
loading readline version 8.1
loading gdbm version 1.19
loading tar version 1.34
loading gettext version 0.21
loading libffi version 3.3
loading openssl version 1.1.1l
loading sqlite version 3.36.0
loading util-linux-uuid version 2.36.2
loading python version 3.11.0
[2024-05-30 14:41:27,080] [INFO] [real_accelerator.py:158:get_accelerator] Setting ds_accelerator to cuda (auto detect)
INFO:root:Using nproc_per_node=4.
[2024-05-30 14:41:29,300] torch.distributed.run: [WARNING] 
[2024-05-30 14:41:29,300] torch.distributed.run: [WARNING] *****************************************
[2024-05-30 14:41:29,300] torch.distributed.run: [WARNING] Setting OMP_NUM_THREADS environment variable for each process to be 1 in default, to avoid your system being overloaded, please further tune the variable for optimal performance in your application as needed. 
[2024-05-30 14:41:29,300] torch.distributed.run: [WARNING] *****************************************
Traceback (most recent call last):
  File "/work/pi_miyyer_umass_edu/ctpham/alignment-handbook/test/bin/accelerate", line 8, in <module>
    sys.exit(main())
             ^^^^^^
  File "/work/pi_miyyer_umass_edu/ctpham/alignment-handbook/test/lib/python3.11/site-packages/accelerate/commands/accelerate_cli.py", line 46, in main
    args.func(args)
  File "/work/pi_miyyer_umass_edu/ctpham/alignment-handbook/test/lib/python3.11/site-packages/accelerate/commands/launch.py", line 1067, in launch_command
    deepspeed_launcher(args)
  File "/work/pi_miyyer_umass_edu/ctpham/alignment-handbook/test/lib/python3.11/site-packages/accelerate/commands/launch.py", line 771, in deepspeed_launcher
    distrib_run.run(args)
  File "/work/pi_miyyer_umass_edu/ctpham/alignment-handbook/test/lib/python3.11/site-packages/torch/distributed/run.py", line 797, in run
    elastic_launch(
  File "/work/pi_miyyer_umass_edu/ctpham/alignment-handbook/test/lib/python3.11/site-packages/torch/distributed/launcher/api.py", line 134, in __call__
    return launch_agent(self._config, self._entrypoint, list(args))
           ^^^^^^^^^^^^^^^^^^^^^^^^^^^^^^^^^^^^^^^^^^^^^^^^^^^^^^^^
  File "/work/pi_miyyer_umass_edu/ctpham/alignment-handbook/test/lib/python3.11/site-packages/torch/distributed/launcher/api.py", line 230, in launch_agent
    master_addr, master_port = _get_addr_and_port(rdzv_parameters)
                               ^^^^^^^^^^^^^^^^^^^^^^^^^^^^^^^^^^^
  File "/work/pi_miyyer_umass_edu/ctpham/alignment-handbook/test/lib/python3.11/site-packages/torch/distributed/launcher/api.py", line 170, in _get_addr_and_port
    master_addr, master_port = parse_rendezvous_endpoint(endpoint, default_port=-1)
                               ^^^^^^^^^^^^^^^^^^^^^^^^^^^^^^^^^^^^^^^^^^^^^^^^^^^^
  File "/work/pi_miyyer_umass_edu/ctpham/alignment-handbook/test/lib/python3.11/site-packages/torch/distributed/elastic/rendezvous/utils.py", line 95, in parse_rendezvous_endpoint
    raise ValueError(
ValueError: The port number of the rendezvous endpoint 'None:None' must be an integer between 0 and 65536.
